Base path: 'C:/Program Files/Unity/Editor/Data', plugins path 'C:/Program Files/Unity/Editor/Data/PlaybackEngines'
Cmd: initializeCompiler
Cmd: compileSnippet
  api=4 type=1 insize=16611 outsize=902 kw=_SUNDISK_SIMPLE pd=UNITY_ENABLE_REFLECTION_BUFFERS UNITY_USE_DITHER_MASK_FOR_ALPHABLENDED_SHADOWS UNITY_PBS_USE_BRDF1 UNITY_SPECCUBE_BOX_PROJECTION UNITY_SPECCUBE_BLENDING UNITY_ENABLE_DETAIL_NORMALMAP SHADER_API_DESKTOP UNITY_COLORSPACE_GAMMA UNITY_LIGHT_PROBE_PROXY_VOLUME UNITY_LIGHTMAP_FULL_HDR ok=1
Cmd: initializeCompiler
Cmd: compileComputeKernel
  error: 2 plat 4 at Packages/com.unity.render-pipelines.high-definition/Runtime/ShaderLibrary/ShaderVariablesFunctions.hlsl(174): undeclared identifier 'CreateWorldToTangent'
  api=4 insize=2549 outsize=0 ok=0
Cmd: compileComputeKernel
  error: 2 plat 4 at Packages/com.unity.render-pipelines.high-definition/Runtime/ShaderLibrary/ShaderVariablesFunctions.hlsl(174): undeclared identifier 'CreateWorldToTangent'
  api=4 insize=12091 outsize=0 ok=0
Cmd: compileComputeKernel
  error: 2 plat 4 at Packages/com.unity.render-pipelines.high-definition/Runtime/ShaderLibrary/ShaderVariablesFunctions.hlsl(174): undeclared identifier 'CreateWorldToTangent'
  api=4 insize=14406 outsize=0 ok=0
Cmd: compileComputeKernel
  error: 2 plat 4 at Packages/com.unity.render-pipelines.high-definition/Runtime/ShaderLibrary/ShaderVariablesFunctions.hlsl(174): undeclared identifier 'CreateWorldToTangent'
  api=4 insize=14406 outsize=0 ok=0
Cmd: compileComputeKernel
  error: 2 plat 4 at Packages/com.unity.render-pipelines.high-definition/Runtime/ShaderLibrary/ShaderVariablesFunctions.hlsl(174): undeclared identifier 'CreateWorldToTangent'
  api=4 insize=14406 outsize=0 ok=0
Cmd: compileComputeKernel
  error: 2 plat 4 at Packages/com.unity.render-pipelines.high-definition/Runtime/ShaderLibrary/ShaderVariablesFunctions.hlsl(174): undeclared identifier 'CreateWorldToTangent'
  api=4 insize=14406 outsize=0 ok=0
Cmd: compileComputeKernel
  error: 2 plat 4 at Packages/com.unity.render-pipelines.high-definition/Runtime/ShaderLibrary/ShaderVariablesFunctions.hlsl(174): undeclared identifier 'CreateWorldToTangent'
  api=4 insize=14406 outsize=0 ok=0
Cmd: compileComputeKernel
  error: 2 plat 4 at Packages/com.unity.render-pipelines.high-definition/Runtime/ShaderLibrary/ShaderVariablesFunctions.hlsl(174): undeclared identifier 'CreateWorldToTangent'
  api=4 insize=14406 outsize=0 ok=0
Cmd: compileComputeKernel
  error: 2 plat 4 at Packages/com.unity.render-pipelines.high-definition/Runtime/ShaderLibrary/ShaderVariablesFunctions.hlsl(174): undeclared identifier 'CreateWorldToTangent'
  api=4 insize=14406 outsize=0 ok=0
Cmd: compileComputeKernel
  error: 2 plat 4 at Packages/com.unity.render-pipelines.high-definition/Runtime/ShaderLibrary/ShaderVariablesFunctions.hlsl(174): undeclared identifier 'CreateWorldToTangent'
  api=4 insize=14406 outsize=0 ok=0
Cmd: compileComputeKernel
  error: 2 plat 4 at Packages/com.unity.render-pipelines.high-definition/Runtime/ShaderLibrary/ShaderVariablesFunctions.hlsl(174): undeclared identifier 'CreateWorldToTangent'
  api=4 insize=14406 outsize=0 ok=0
Cmd: compileComputeKernel
  error: 2 plat 4 at Packages/com.unity.render-pipelines.high-definition/Runtime/ShaderLibrary/ShaderVariablesFunctions.hlsl(174): undeclared identifier 'CreateWorldToTangent'
  api=4 insize=14406 outsize=0 ok=0
Cmd: compileComputeKernel
  api=4 insize=26648 outsize=15479 ok=1
Cmd: compileComputeKernel
  api=4 insize=2059 outsize=1515 ok=1
Cmd: compileComputeKernel
  error: 2 plat 4 at Packages/com.unity.render-pipelines.high-definition/Runtime/ShaderLibrary/ShaderVariablesFunctions.hlsl(174): undeclared identifier 'CreateWorldToTangent'
  api=4 insize=11061 outsize=0 ok=0
Cmd: compileComputeKernel
  error: 2 plat 4 at Packages/com.unity.render-pipelines.high-definition/Runtime/ShaderLibrary/ShaderVariablesFunctions.hlsl(174): undeclared identifier 'CreateWorldToTangent'
  api=4 insize=975 outsize=0 ok=0
Cmd: compileComputeKernel
  error: 2 plat 4 at Packages/com.unity.render-pipelines.high-definition/Runtime/ShaderLibrary/ShaderVariablesFunctions.hlsl(174): undeclared identifier 'CreateWorldToTangent'
  api=4 insize=2816 outsize=0 ok=0
Cmd: compileComputeKernel
  api=4 insize=1176 outsize=772 ok=1
Cmd: compileComputeKernel
  api=4 insize=9347 outsize=7442 ok=1
Cmd: compileComputeKernel
  api=4 insize=17415 outsize=10499 ok=1
Cmd: compileComputeKernel
  api=4 insize=4855 outsize=9142 ok=1
Cmd: compileComputeKernel
  error: 2 plat 4 at Packages/com.unity.render-pipelines.high-definition/Runtime/ShaderLibrary/ShaderVariablesFunctions.hlsl(174): undeclared identifier 'CreateWorldToTangent'
  api=4 insize=6309 outsize=0 ok=0
Cmd: compileComputeKernel
  api=4 insize=7423 outsize=1044 ok=1
Cmd: compileComputeKernel
  api=4 insize=18299 outsize=10338 ok=1
Cmd: compileComputeKernel
  api=4 insize=20012 outsize=14182 ok=1
Cmd: compileComputeKernel
  api=4 insize=21751 outsize=21785 ok=1
Cmd: compileComputeKernel
  error: 2 plat 4 at Packages/com.unity.render-pipelines.high-definition/Runtime/ShaderLibrary/ShaderVariablesFunctions.hlsl(174): undeclared identifier 'CreateWorldToTangent'
  api=4 insize=34508 outsize=0 ok=0
Cmd: compileComputeKernel
  error: 2 plat 4 at Packages/com.unity.render-pipelines.high-definition/Runtime/ShaderLibrary/ShaderVariablesFunctions.hlsl(174): undeclared identifier 'CreateWorldToTangent'
  api=4 insize=34508 outsize=0 ok=0
Cmd: compileComputeKernel
  error: 2 plat 4 at Packages/com.unity.render-pipelines.high-definition/Runtime/ShaderLibrary/ShaderVariablesFunctions.hlsl(174): undeclared identifier 'CreateWorldToTangent'
  api=4 insize=5089 outsize=0 ok=0
Cmd: compileComputeKernel
  error: 2 plat 4 at Packages/com.unity.render-pipelines.high-definition/Runtime/ShaderLibrary/ShaderVariablesFunctions.hlsl(174): undeclared identifier 'CreateWorldToTangent'
  api=4 insize=7712 outsize=0 ok=0
Cmd: compileComputeKernel
  error: 2 plat 4 at Packages/com.unity.render-pipelines.high-definition/Runtime/ShaderLibrary/ShaderVariablesFunctions.hlsl(174): undeclared identifier 'CreateWorldToTangent'
  api=4 insize=3918 outsize=0 ok=0
